Log file open, 02/25/17 02:09:20
LogInit:Display: Running engine for game: MyProject
LogPlatformFile: Not using cached read wrapper
LogInit:Display: RandInit(880890683) SRandInit(880890683).
LogTaskGraph: Started task graph with 5 named threads and 8 total threads with 1 sets of task threads.
LogStats: Stats thread started at 0.068946
LogInit: Using libcurl 7.47.1
LogInit:  - built for x86_64-pc-win32
LogInit:  - supports SSL with OpenSSL/1.0.2g
LogInit:  - supports HTTP deflate (compression) using libz 1.2.8
LogInit:  - other features:
LogInit:      CURL_VERSION_SSL
LogInit:      CURL_VERSION_LIBZ
LogInit:      CURL_VERSION_IPV6
LogInit:      CURL_VERSION_ASYNCHDNS
LogInit:      CURL_VERSION_LARGEFILE
LogInit:      CURL_VERSION_IDN
LogInit:  CurlRequestOptions (configurable via config and command line):
LogInit:  - bVerifyPeer = false  - Libcurl will NOT verify peer certificate
LogInit:  - bUseHttpProxy = false  - Libcurl will NOT use HTTP proxy
LogInit:  - bDontReuseConnections = false  - Libcurl will reuse connections
LogInit:  - CertBundlePath = nullptr  - Libcurl will use whatever was configured at build time.
LogInit: Build: ++UE4+Release-4.15-CL-3299760
LogInit: Engine Version: 4.15.0-3299760+++UE4+Release-4.15
LogInit: Compatible Engine Version: 4.15.0-3299760+++UE4+Release-4.15
LogInit: Net CL: 3299760
LogDevObjectVersion: Number of dev versions registered: 14
LogDevObjectVersion:   Dev-Blueprints (B0D832E4-1F89-4F0D-ACCF-7EB736FD4AA2): 8
LogDevObjectVersion:   Dev-Build (E1C64328-A22C-4D53-A36C-8E866417BD8C): 0
LogDevObjectVersion:   Dev-Core (375EC13C-06E4-48FB-B500-84F0262A717E): 2
LogDevObjectVersion:   Dev-Editor (E4B068ED-F494-42E9-A231-DA0B2E46BB41): 14
LogDevObjectVersion:   Dev-Framework (CFFC743F-43B0-4480-9391-14DF171D2073): 22
LogDevObjectVersion:   Dev-Mobile (B02B49B5-BB20-44E9-A304-32B752E40360): 0
LogDevObjectVersion:   Dev-Networking (A4E4105C-59A1-49B5-A7C5-40C4547EDFEE): 0
LogDevObjectVersion:   Dev-Online (39C831C9-5AE6-47DC-9A44-9C173E1C8E7C): 0
LogDevObjectVersion:   Dev-Physics (78F01B33-EBEA-4F98-B9B4-84EACCB95AA2): 0
LogDevObjectVersion:   Dev-Platform (6631380F-2D4D-43E0-8009-CF276956A95A): 0
LogDevObjectVersion:   Dev-Rendering (12F88B9F-8875-4AFC-A67C-D90C383ABD29): 12
LogDevObjectVersion:   Dev-Sequencer (7B5AE74C-D270-4C10-A958-57980B212A5A): 3
LogDevObjectVersion:   Dev-VR (D7296918-1DD6-4BDD-9DE2-64A83CC13884): 0
LogDevObjectVersion:   Dev-LoadTimes (C2A15278-BFE7-4AFE-6C17-90FF531DF755): 1
LogInit: Compiled (64-bit): Feb 14 2017 02:04:14
LogInit: Compiled with Visual C++: 19.00.23026.00
LogInit: Build Configuration: Development
LogInit: Branch Name: ++UE4+Release-4.15
LogInit: Command line: -EpicPortal 
LogInit: Base directory: E:/UE4/UE_4.15/Engine/Binaries/Win64/
LogInit: Installed Engine Build: 1
LogInit: Presizing for max 8388607 objects, including 0 objects not considered by GC, pre-allocating 0 bytes for permanent pool.
LogInit: Object subsystem initialized
[2017.02.25-02.09.21:242][  0]LogInit: Selected Device Profile: [Windows]
[2017.02.25-02.09.21:242][  0]LogInit: Applying CVar settings loaded from the selected device profile: [Windows]
[2017.02.25-02.09.21:253][  0]LogInit: Computer: DESKTOP-1C0DI26
[2017.02.25-02.09.21:253][  0]LogInit: User: n2the
[2017.02.25-02.09.21:253][  0]LogInit: CPU Page size=65536, Cores=4
[2017.02.25-02.09.21:253][  0]LogInit: High frequency timer resolution =3.416977 MHz
[2017.02.25-02.09.21:253][  0]LogMemory: Memory total: Physical=15.9GB (16GB approx)
[2017.02.25-02.09.21:253][  0]LogMemory: Platform Memory Stats for Windows
[2017.02.25-02.09.21:253][  0]LogMemory: Process Physical Memory: 262.64 MB used, 262.64 MB peak
[2017.02.25-02.09.21:253][  0]LogMemory: Process Virtual Memory: 262.48 MB used, 262.48 MB peak
[2017.02.25-02.09.21:253][  0]LogMemory: Physical Memory: 8331.34 MB used,  7971.70 MB free, 16303.05 MB total
[2017.02.25-02.09.21:253][  0]LogMemory: Virtual Memory: 643.37 MB used,  7971.70 MB free, 134217728.00 MB total
[2017.02.25-02.09.21:310][  0]LogTextLocalizationManager: No specific translations for ('en-GB') exist, so ('en') translations will be used.
[2017.02.25-02.09.21:840][  0]LogD3D11RHI: D3D11 adapters:
[2017.02.25-02.09.21:865][  0]LogD3D11RHI:    0. 'NVIDIA GeForce GTX 470' (Feature Level 11_0)
[2017.02.25-02.09.21:865][  0]LogD3D11RHI:       1233/0/8151 MB DedicatedVideo/DedicatedSystem/SharedSystem, Outputs:2, VendorId:0x10de
[2017.02.25-02.09.21:866][  0]LogD3D11RHI:    1. 'Microsoft Basic Render Driver' (Feature Level 11_0)
[2017.02.25-02.09.21:866][  0]LogD3D11RHI:       0/0/8151 MB DedicatedVideo/DedicatedSystem/SharedSystem, Outputs:0, VendorId:0x1414
[2017.02.25-02.09.21:866][  0]LogD3D11RHI: Chosen D3D11 Adapter: 0
[2017.02.25-02.09.21:871][  0]LogD3D11RHI: Creating new Direct3DDevice
[2017.02.25-02.09.21:871][  0]LogD3D11RHI:     GPU DeviceId: 0x6cd (for the marketing name, search the web for "GPU Device Id")
[2017.02.25-02.09.21:871][  0]LogWindows: EnumDisplayDevices:
[2017.02.25-02.09.21:871][  0]LogWindows:    0. 'NVIDIA GeForce GTX 470' (P:1 D:1)
[2017.02.25-02.09.21:872][  0]LogWindows:    1. 'NVIDIA GeForce GTX 470' (P:0 D:1)
[2017.02.25-02.09.21:872][  0]LogWindows: DebugString: FoundDriverCount:2 
[2017.02.25-02.09.21:872][  0]LogD3D11RHI:     Adapter Name: NVIDIA GeForce GTX 470
[2017.02.25-02.09.21:872][  0]LogD3D11RHI:   Driver Version: 376.53 (internal:21.21.13.7653, unified:376.53)
[2017.02.25-02.09.21:872][  0]LogD3D11RHI:      Driver Date: 12-29-2016
[2017.02.25-02.09.21:872][  0]LogRHI: Texture pool is 863 MB (70% of 1233 MB)
[2017.02.25-02.09.21:883][  0]LogD3D11RHI:Warning: Timestamp queries are currently disabled on this hardware due to instability. Realtime GPU stats will not be available. You can override this behaviour by setting r.NVIDIATimestampWorkaround to 0
[2017.02.25-02.09.21:883][  0]LogD3D11RHI: Async texture creation enabled
[2017.02.25-02.09.21:898][  0]LogD3D11RHI: GPU Timing Frequency: 1000.000000 (Debug: 2 2)
[2017.02.25-02.09.21:994][  0]LogShaderCompilers: Guid format shader working directory is -5 characters bigger than the processId version (C:/Users/n2the/Documents/Unreal Projects/MyProject/Intermediate/Shaders/WorkingDirectory/10468/).
[2017.02.25-02.09.21:994][  0]LogShaderCompilers: Cleaned the shader compiler working directory 'C:/Users/n2the/AppData/Local/Temp/UnrealShaderWorkingDir/88B1714144D2DDC633A03EA952EAE829/'.
[2017.02.25-02.09.21:994][  0]LogShaderCompilers:Display: Using Local Shader Compiler.
[2017.02.25-02.09.22:956][  0]LogTemp:Display: Loaded TP AllDesktopTargetPlatform
[2017.02.25-02.09.22:994][  0]LogTemp:Display: Loaded TP MacClientTargetPlatform
[2017.02.25-02.09.23:032][  0]LogTemp:Display: Loaded TP MacNoEditorTargetPlatform
[2017.02.25-02.09.23:075][  0]LogTemp:Display: Loaded TP MacServerTargetPlatform
[2017.02.25-02.09.23:115][  0]LogTemp:Display: Loaded TP MacTargetPlatform
[2017.02.25-02.09.23:155][  0]LogTemp:Display: Loaded TP WindowsClientTargetPlatform
[2017.02.25-02.09.23:193][  0]LogTemp:Display: Loaded TP WindowsNoEditorTargetPlatform
[2017.02.25-02.09.23:234][  0]LogTemp:Display: Loaded TP WindowsServerTargetPlatform
[2017.02.25-02.09.23:269][  0]LogTemp:Display: Loaded TP WindowsTargetPlatform
[2017.02.25-02.09.23:307][  0]LogTemp:Display: Loaded TP AndroidTargetPlatform
[2017.02.25-02.09.23:345][  0]LogTemp:Display: Loaded TP Android_ASTCTargetPlatform
[2017.02.25-02.09.23:383][  0]LogTemp:Display: Loaded TP Android_ATCTargetPlatform
[2017.02.25-02.09.23:423][  0]LogTemp:Display: Loaded TP Android_DXTTargetPlatform
[2017.02.25-02.09.23:463][  0]LogTemp:Display: Loaded TP Android_ETC1TargetPlatform
[2017.02.25-02.09.23:503][  0]LogTemp:Display: Loaded TP Android_ETC2TargetPlatform
[2017.02.25-02.09.23:580][  0]LogTemp:Display: Loaded TP Android_MultiTargetPlatform
[2017.02.25-02.09.23:580][  0]LogTemp:Display: Loaded TP Android_PVRTCTargetPlatform
[2017.02.25-02.09.23:604][  0]LogTemp:Display: Loaded TP HTML5TargetPlatform
[2017.02.25-02.09.23:683][  0]LogTemp:Display: Loaded TP IOSTargetPlatform
[2017.02.25-02.09.23:710][  0]LogTemp:Display: Loaded TP TVOSTargetPlatform
[2017.02.25-02.09.23:747][  0]LogTemp:Display: Loaded TP LinuxClientTargetPlatform
[2017.02.25-02.09.23:786][  0]LogTemp:Display: Loaded TP LinuxNoEditorTargetPlatform
[2017.02.25-02.09.23:826][  0]LogTemp:Display: Loaded TP LinuxServerTargetPlatform
[2017.02.25-02.09.23:868][  0]LogTemp:Display: Loaded TP LinuxTargetPlatform
[2017.02.25-02.09.23:868][  0]LogTargetPlatformManager:Display: Building Assets For Windows
[2017.02.25-02.09.24:138][  0]LogDerivedDataCache:Display: Max Cache Size: 512 MB
[2017.02.25-02.09.24:186][  0]LogDerivedDataCache: Loaded boot cache 0.05s 50MB C:/Users/n2the/AppData/Local/UnrealEngine/4.15/DerivedDataCache/Boot.ddc.
[2017.02.25-02.09.24:186][  0]LogDerivedDataCache:Display: Loaded Boot cache: C:/Users/n2the/AppData/Local/UnrealEngine/4.15/DerivedDataCache/Boot.ddc
[2017.02.25-02.09.24:186][  0]LogDerivedDataCache: FDerivedDataBackendGraph:  Pak pak cache file C:/Users/n2the/Documents/Unreal Projects/MyProject/DerivedDataCache/DDC.ddp not found, will not use a pak cache.
[2017.02.25-02.09.24:186][  0]LogDerivedDataCache: Unable to find inner node Pak for hierarchical cache Hierarchy.
[2017.02.25-02.09.24:186][  0]LogDerivedDataCache: FDerivedDataBackendGraph:  CompressedPak pak cache file C:/Users/n2the/Documents/Unreal Projects/MyProject/DerivedDataCache/Compressed.ddp not found, will not use a pak cache.
[2017.02.25-02.09.24:186][  0]LogDerivedDataCache: Unable to find inner node CompressedPak for hierarchical cache Hierarchy.
[2017.02.25-02.09.24:203][  0]LogDerivedDataCache:Display: Pak cache opened for reading ../../../Engine/DerivedDataCache/Compressed.ddp.
[2017.02.25-02.09.24:215][  0]LogDerivedDataCache: Using Local data cache path C:/Users/n2the/AppData/Local/UnrealEngine/Common/DerivedDataCache: Writable
[2017.02.25-02.09.24:224][  0]LogSlate: Using Freetype 2.6.0
[2017.02.25-02.09.24:224][  0]LogSlate: SlateFontCache - WITH_FREETYPE: 1, WITH_HARFBUZZ: 1
[2017.02.25-02.09.24:224][  0]LogSlate: SlateFontCache - WITH_FREETYPE: 1, WITH_HARFBUZZ: 1
[2017.02.25-02.09.24:445][  0]LogInit: Selected Device Profile: [Windows]
[2017.02.25-02.09.24:448][  0]LogContentStreaming: Texture pool size is 0.00 MB
[2017.02.25-02.09.24:603][  0]LogMeshUtilities: Using QuadricMeshReduction for automatic static mesh reduction
[2017.02.25-02.09.24:630][  0]LogSimplygon: Simplygon DLL not present - disabling.
[2017.02.25-02.09.24:664][  0]LogMeshUtilities: Using SimplygonSwarm for distributed automatic mesh merging
[2017.02.25-02.09.24:664][  0]LogMeshUtilities: No automatic skeletal mesh reduction module available
[2017.02.25-02.09.24:664][  0]LogMeshUtilities: No automatic mesh merging module available
[2017.02.25-02.09.25:092][  0]LogNetVersion: GetLocalNetworkVersion: CL: 3299760, ProjectName: myproject, ProjectVersion: , EngineNetworkVersion: 2, GameNetworkVersion: 0, NetworkChecksum: 4136520461
[2017.02.25-02.09.25:130][  0]LogAssetRegistry: FAssetRegistry took 0.0219 seconds to start up
[2017.02.25-02.09.25:165][  0]LogPackageLocalizationCache: Processed 3 localized package path(s) for 2 prioritized culture(s) in 0.022603 seconds
[2017.02.25-02.09.25:170][  0]LogUObjectArray: 32475 objects as part of root set at end of initial load.
[2017.02.25-02.09.25:170][  0]LogUObjectAllocator: 7073360 out of 0 bytes used by permanent object pool.
[2017.02.25-02.09.25:170][  0]LogUObjectArray: CloseDisregardForGC: 0/0 objects in disregard for GC pool
[2017.02.25-02.09.25:207][  0]LogInit: WinSock: version 1.1 (2.2), MaxSocks=32767, MaxUdp=65467
[2017.02.25-02.09.26:327][  0]LogTcpMessaging: Initializing TcpMessaging bridge
[2017.02.25-02.09.26:356][  0]LogUdpMessaging: Initializing bridge on interface 0.0.0.0:0 to multicast group 230.0.0.1:6666.
[2017.02.25-02.09.26:663][  0]LogMaterial: Uniform references updated for custom material expression Custom.
[2017.02.25-02.09.26:918][  0]SourceControl: Info Source control is disabled
[2017.02.25-02.09.26:950][  0]SourceControl: Info Source control is disabled
[2017.02.25-02.09.26:978][  0]SourceControl: Info Source control is disabled
[2017.02.25-02.09.27:005][  0]SourceControl: Info Source control is disabled
[2017.02.25-02.09.27:785][  0]LogEngine: Initializing Engine...
[2017.02.25-02.09.27:785][  0]LogHMD: Failed to initialize OpenVR with code 110
[2017.02.25-02.09.27:963][  0]LogAIModule: Creating AISystem for world Untitled
[2017.02.25-02.09.27:970][  0]LogInit: XAudio2 using 'Speakers (Plantronics GameCom 780/788)' : 2 channels at 44.1 kHz using 16 bits per sample (channel mask 0x3)
[2017.02.25-02.09.27:979][  0]LogInit: FAudioDevice initialized.
[2017.02.25-02.09.28:004][  0]LogDerivedDataCache: Saved boot cache 0.02s 50MB C:/Users/n2the/AppData/Local/UnrealEngine/4.15/DerivedDataCache/Boot.ddc.
[2017.02.25-02.09.28:011][  0]LogInit: Texture streaming: Enabled
[2017.02.25-02.09.28:070][  0]LogEngineSessionManager: EngineSessionManager initialized
[2017.02.25-02.09.28:128][  0]LogInit: Transaction tracking system initialized
[2017.02.25-02.09.28:338][  0]BlueprintLog: New page: Editor Load
[2017.02.25-02.09.28:891][  0]LocalizationService: Info Localization service is disabled
[2017.02.25-02.09.29:316][  0]LogConsoleResponse:Display: 
[2017.02.25-02.09.29:414][  0]LogCook:Display: Max memory allowance for cook 16384mb min free memory 0mb
[2017.02.25-02.09.29:414][  0]LogCook:Display: Mobile HDR setting 1
[2017.02.25-02.09.29:705][  0]LogFileCache: Scanning file cache for directory 'C:/Users/n2the/Documents/Unreal Projects/MyProject/Content/' took 0.01s
[2017.02.25-02.09.30:044][  0]SourceControl: Info Source control is disabled
[2017.02.25-02.09.30:123][  0]LogWindowsTextInputMethodSystem:Display: IME system now deactivated.
[2017.02.25-02.09.30:148][  0]LogSlate: Took 0.000161 seconds to synchronously load lazily loaded font '../../../Engine/Content/Slate/Fonts/Roboto-Regular.ttf' (155K)
[2017.02.25-02.09.33:636][  0]LogWindowsTextInputMethodSystem:Display: IME system now deactivated.
[2017.02.25-02.09.33:637][  0]LogWindowsTextInputMethodSystem:Display: IME system now deactivated.
[2017.02.25-02.09.33:643][  0]Cmd: MAP LOAD FILE="C:/Users/n2the/Documents/Unreal Projects/MyProject/Content/FirstPersonBP/Maps/FirstPersonExampleMap.umap" TEMPLATE=0 SHOWPROGRESS=1 FEATURELEVEL=3
[2017.02.25-02.09.33:643][  0]LightingResults: New page: Lighting Build
[2017.02.25-02.09.33:671][  0]MapCheck: New page: Map Check
[2017.02.25-02.09.33:671][  0]LightingResults: New page: Lighting Build
[2017.02.25-02.09.34:151][  0]LogAIModule: Creating AISystem for world FirstPersonExampleMap
[2017.02.25-02.09.34:164][  0]LogEditorServer: Finished looking for orphan Actors (0.000 secs)
[2017.02.25-02.09.34:165][  0]Cmd: MAP CHECKDEP NOCLEARLOG
[2017.02.25-02.09.34:201][  0]MapCheck: Info Map check complete: 0 Error(s), 0 Warning(s), took 36.257ms to complete.
[2017.02.25-02.09.34:201][  0]LogFileHelpers: Loading map 'FirstPersonExampleMap' took 0.558
[2017.02.25-02.09.34:309][  0]LogStats:Warning: MetaData mismatch. Did you assign a stat to two groups? New //STATGROUP_Threads//SplashScreenThread///Thread_2950_0///####STATCAT_Advanced#### old //STATGROUP_Threads//SplashScreenThread///Thread_a74_0///####STATCAT_Advanced####
[2017.02.25-02.09.34:309][  0]LogCollectionManager: Loaded 0 collections in 0.001101 seconds
[2017.02.25-02.09.34:374][  0]LogFileCache: Scanning file cache for directory 'C:/Users/n2the/Documents/Unreal Projects/MyProject/Saved/Collections/' took 0.01s
[2017.02.25-02.09.34:374][  0]LogFileCache: Scanning file cache for directory 'C:/Users/n2the/Documents/Unreal Projects/MyProject/Content/Developers/n2the/Collections/' took 0.01s
[2017.02.25-02.09.34:374][  0]LogFileCache: Scanning file cache for directory 'C:/Users/n2the/Documents/Unreal Projects/MyProject/Content/Collections/' took 0.01s
[2017.02.25-02.09.34:374][  0]LogCollectionManager: Rebuilt the GUID cache for 0 collections in 0.000001 seconds
[2017.02.25-02.09.34:383][  0]LogContentBrowser: Native class hierarchy populated in 0.0089 seconds. Added 2244 classes and 450 folders.
[2017.02.25-02.09.34:386][  0]LogStats: UGameplayTagsManager::ConstructGameplayTagTree: Construct from data asset -  0.000 s
[2017.02.25-02.09.34:386][  0]LogStats: UGameplayTagsManager::ConstructGameplayTagTree: GameplayTagTreeChangedEvent.Broadcast -  0.000 s
[2017.02.25-02.09.34:427][  0]LogContentBrowser: Native class hierarchy updated for 'WidgetCarousel' in 0.0004 seconds. Added 0 classes and 0 folders.
[2017.02.25-02.09.34:458][  0]LogContentBrowser: Native class hierarchy updated for 'AddContentDialog' in 0.0005 seconds. Added 0 classes and 0 folders.
[2017.02.25-02.09.34:485][  0]LogContentBrowser: Native class hierarchy updated for 'SceneOutliner' in 0.0005 seconds. Added 1 classes and 2 folders.
[2017.02.25-02.09.34:527][  0]LogCrashTracker: Crashtracker disabled due to settings.
[2017.02.25-02.09.34:533][  0]LogUObjectGlobals:Warning: Failed to find object 'Class None.'
[2017.02.25-02.09.34:582][  0]LogContentBrowser: Native class hierarchy updated for 'HierarchicalLODOutliner' in 0.0004 seconds. Added 1 classes and 2 folders.
[2017.02.25-02.09.34:582][  0]LogLoad: (Engine Initialization) Total time: 14.63 seconds
[2017.02.25-02.09.34:582][  0]LogLoad: (Engine Initialization) Total Blueprint compile time: 0.16 seconds
[2017.02.25-02.09.34:582][  0]LogExternalProfiler: Found external profiler: VSPerf
[2017.02.25-02.09.34:582][  0]LogExternalProfiler: Using external profiler: VSPerf
[2017.02.25-02.09.34:591][  0]LogOcInput: OculusInput pre-init called
[2017.02.25-02.09.34:611][  0]LogContentStreaming: Texture pool size now 1000 MB
[2017.02.25-02.09.34:613][  0]LogSlate: Took 0.000229 seconds to synchronously load lazily loaded font '../../../Engine/Content/Slate/Fonts/Roboto-Bold.ttf' (160K)
[2017.02.25-02.09.34:617][  0]LogSlate: Took 0.000248 seconds to synchronously load lazily loaded font '../../../Engine/Content/Editor/Slate/Fonts/FontAwesome.ttf' (139K)
[2017.02.25-02.09.34:709][  0]LogSlate: Took 0.000217 seconds to synchronously load lazily loaded font '../../../Engine/Content/Slate/Fonts/Roboto-Light.ttf' (159K)
[2017.02.25-02.09.34:758][  0]LogRenderer: Reallocating scene render targets to support 1168x600 NumSamples 1 (Frame:2).
[2017.02.25-02.09.34:834][  1]LogAssetRegistry: Asset discovery search completed in 9.7269 seconds
[2017.02.25-02.09.34:834][  1]LogCollectionManager: Rebuilt the object cache for 0 collections in 0.000005 seconds (found 0 objects)
[2017.02.25-02.09.34:834][  1]LogCollectionManager: Fixed up redirectors for 0 collections in 0.000018 seconds (updated 0 objects)
[2017.02.25-02.09.35:606][ 80]LogSlate: Took 0.000161 seconds to synchronously load lazily loaded font '../../../Engine/Content/Slate/Fonts/Roboto-Light.ttf' (159K)
[2017.02.25-02.09.40:032][599]LogAIModule: Creating AISystem for world florence
[2017.02.25-02.09.41:290][748]LogSlate: Took 0.000127 seconds to synchronously load lazily loaded font '../../../Engine/Content/Slate/Fonts/Roboto-Light.ttf' (159K)
[2017.02.25-02.09.41:311][748]Cmd: MAP LOAD FILE="C:/Users/n2the/Documents/Unreal Projects/MyProject/Content/FirstPersonBP/Maps/florence.umap" TEMPLATE=0 SHOWPROGRESS=1 FEATURELEVEL=3
[2017.02.25-02.09.41:311][748]LightingResults: New page: Lighting Build
[2017.02.25-02.09.41:313][748]LoadErrors: New page: Loading map: florence.umap
[2017.02.25-02.09.41:326][748]MapCheck: New page: Map Check
[2017.02.25-02.09.41:326][748]LightingResults: New page: Lighting Build
[2017.02.25-02.09.41:340][748]LogEditorServer: Finished looking for orphan Actors (0.000 secs)
[2017.02.25-02.09.41:356][748]Cmd: MAP CHECKDEP NOCLEARLOG
[2017.02.25-02.09.41:388][748]MapCheck: Info Map check complete: 0 Error(s), 0 Warning(s), took 31.851ms to complete.
[2017.02.25-02.09.41:388][748]LogFileHelpers: Loading map 'florence' took 0.078
[2017.02.25-02.09.42:912][924]LogEditorViewport: Clicking Background
[2017.02.25-02.10.37:467][538]LogEditorViewport: Clicking Background
[2017.02.25-02.10.40:929][923]LogEditorViewport: Clicking Background
[2017.02.25-02.10.57:589][705]LogNavigationPoint: PostEditMove Clear paths rebuilt
[2017.02.25-02.11.01:384][ 98]LogNavigationPoint: PostEditMove Clear paths rebuilt
[2017.02.25-02.11.06:555][616]LogNavigationPoint: PostEditMove Clear paths rebuilt
[2017.02.25-02.11.21:032][ 32]LogNavigationPoint: PostEditMove Clear paths rebuilt
[2017.02.25-02.11.24:076][337]LogNavigationPoint: PostEditMove Clear paths rebuilt
[2017.02.25-02.11.29:933][946]LogNavigationPoint: PostEditMove Clear paths rebuilt
[2017.02.25-02.11.33:856][332]LogNavigationPoint: PostEditMove Clear paths rebuilt
[2017.02.25-02.11.39:094][865]LogNavigationPoint: PostEditMove Clear paths rebuilt
[2017.02.25-02.11.54:847][568]LogTemp: Repeting last play command: Simulate
[2017.02.25-02.11.54:854][568]LogPlayLevel: PlayLevel: No blueprints needed recompiling
[2017.02.25-02.11.54:854][568]PIE: New page: SIE session: florence (25 Feb 2017 02:11:54)
[2017.02.25-02.11.54:854][568]LogPlayLevel: Creating play world package: /Game/FirstPersonBP/Maps/UEDPIE_0_florence
[2017.02.25-02.11.54:856][568]LogPlayLevel: PIE: StaticDuplicateObject took: (0.001619s)
[2017.02.25-02.11.54:856][568]LogAIModule: Creating AISystem for world florence
[2017.02.25-02.11.54:857][568]LogPlayLevel: PIE: World Init took: (0.000641s)
[2017.02.25-02.11.54:857][568]LogPlayLevel: PIE: Created PIE world by copying editor world from /Game/FirstPersonBP/Maps/florence.florence to /Game/FirstPersonBP/Maps/UEDPIE_0_florence.florence (0.002476s)
[2017.02.25-02.11.54:869][568]LogInit: XAudio2 using 'Speakers (Plantronics GameCom 780/788)' : 2 channels at 44.1 kHz using 16 bits per sample (channel mask 0x3)
[2017.02.25-02.11.54:875][568]LogInit: FAudioDevice initialized.
[2017.02.25-02.11.54:916][568]LogLoad: Game class is 'FirstPersonGameMode_C'
[2017.02.25-02.11.54:918][568]LogWorld: Bringing World /Game/FirstPersonBP/Maps/UEDPIE_0_florence.florence up for play (max tick rate 0) at 2017.02.25-02.11.54
[2017.02.25-02.11.54:918][568]LogWorld: Bringing up level for play took: 0.000532
[2017.02.25-02.11.54:945][568]LogContentBrowser: Native class hierarchy updated for 'MovieSceneCapture' in 0.0006 seconds. Added 11 classes and 0 folders.
[2017.02.25-02.11.54:945][568]PIE: Info Play in editor start time for /Game/FirstPersonBP/Maps/UEDPIE_0_florence 0.844
[2017.02.25-02.12.05:549][730]LogPlayLevel: PlayLevel: No blueprints needed recompiling
[2017.02.25-02.12.05:549][730]PIE: New page: PIE session: florence (25 Feb 2017 02:12:05)
[2017.02.25-02.12.05:549][730]LogPlayLevel: Creating play world package: /Game/FirstPersonBP/Maps/UEDPIE_0_florence
[2017.02.25-02.12.05:550][730]LogPlayLevel: PIE: StaticDuplicateObject took: (0.001379s)
[2017.02.25-02.12.05:551][730]LogAIModule: Creating AISystem for world florence
[2017.02.25-02.12.05:551][730]LogPlayLevel: PIE: World Init took: (0.000505s)
[2017.02.25-02.12.05:551][730]LogPlayLevel: PIE: Created PIE world by copying editor world from /Game/FirstPersonBP/Maps/florence.florence to /Game/FirstPersonBP/Maps/UEDPIE_0_florence.florence (0.002034s)
[2017.02.25-02.12.05:563][730]LogInit: XAudio2 using 'Speakers (Plantronics GameCom 780/788)' : 2 channels at 44.1 kHz using 16 bits per sample (channel mask 0x3)
[2017.02.25-02.12.05:568][730]LogInit: FAudioDevice initialized.
[2017.02.25-02.12.05:595][730]LogLoad: Game class is 'FirstPersonGameMode_C'
[2017.02.25-02.12.05:596][730]LogWorld: Bringing World /Game/FirstPersonBP/Maps/UEDPIE_0_florence.florence up for play (max tick rate 0) at 2017.02.25-02.12.05
[2017.02.25-02.12.05:596][730]LogWorld: Bringing up level for play took: 0.000480
[2017.02.25-02.12.05:598][730]PIE: Info Play in editor start time for /Game/FirstPersonBP/Maps/UEDPIE_0_florence -0.503
[2017.02.25-02.12.17:694][  5]LogTemp: Repeting last play command: Simulate
[2017.02.25-02.12.17:701][  5]LogPlayLevel: PlayLevel: No blueprints needed recompiling
[2017.02.25-02.12.17:701][  5]PIE: New page: SIE session: florence (25 Feb 2017 02:12:17)
[2017.02.25-02.12.17:701][  5]LogPlayLevel: Creating play world package: /Game/FirstPersonBP/Maps/UEDPIE_0_florence
[2017.02.25-02.12.17:702][  5]LogPlayLevel: PIE: StaticDuplicateObject took: (0.001362s)
[2017.02.25-02.12.17:702][  5]LogAIModule: Creating AISystem for world florence
[2017.02.25-02.12.17:703][  5]LogPlayLevel: PIE: World Init took: (0.000538s)
[2017.02.25-02.12.17:703][  5]LogPlayLevel: PIE: Created PIE world by copying editor world from /Game/FirstPersonBP/Maps/florence.florence to /Game/FirstPersonBP/Maps/UEDPIE_0_florence.florence (0.002066s)
[2017.02.25-02.12.17:714][  5]LogInit: XAudio2 using 'Speakers (Plantronics GameCom 780/788)' : 2 channels at 44.1 kHz using 16 bits per sample (channel mask 0x3)
[2017.02.25-02.12.17:720][  5]LogInit: FAudioDevice initialized.
[2017.02.25-02.12.17:749][  5]LogLoad: Game class is 'FirstPersonGameMode_C'
[2017.02.25-02.12.17:750][  5]LogWorld: Bringing World /Game/FirstPersonBP/Maps/UEDPIE_0_florence.florence up for play (max tick rate 0) at 2017.02.25-02.12.17
[2017.02.25-02.12.17:750][  5]LogWorld: Bringing up level for play took: 0.000487
[2017.02.25-02.12.17:751][  5]PIE: Info Play in editor start time for /Game/FirstPersonBP/Maps/UEDPIE_0_florence -0.351
[2017.02.25-02.12.23:907][687]LogPlayLevel: PlayLevel: No blueprints needed recompiling
[2017.02.25-02.12.23:907][687]PIE: New page: PIE session: florence (25 Feb 2017 02:12:23)
[2017.02.25-02.12.23:907][687]LogPlayLevel: Creating play world package: /Game/FirstPersonBP/Maps/UEDPIE_0_florence
[2017.02.25-02.12.23:909][687]LogPlayLevel: PIE: StaticDuplicateObject took: (0.001447s)
[2017.02.25-02.12.23:909][687]LogAIModule: Creating AISystem for world florence
[2017.02.25-02.12.23:909][687]LogPlayLevel: PIE: World Init took: (0.000676s)
[2017.02.25-02.12.23:909][687]LogPlayLevel: PIE: Created PIE world by copying editor world from /Game/FirstPersonBP/Maps/florence.florence to /Game/FirstPersonBP/Maps/UEDPIE_0_florence.florence (0.002287s)
[2017.02.25-02.12.23:921][687]LogInit: XAudio2 using 'Speakers (Plantronics GameCom 780/788)' : 2 channels at 44.1 kHz using 16 bits per sample (channel mask 0x3)
[2017.02.25-02.12.23:926][687]LogInit: FAudioDevice initialized.
[2017.02.25-02.12.23:958][687]LogLoad: Game class is 'FirstPersonGameMode_C'
[2017.02.25-02.12.23:960][687]LogWorld: Bringing World /Game/FirstPersonBP/Maps/UEDPIE_0_florence.florence up for play (max tick rate 0) at 2017.02.25-02.12.23
[2017.02.25-02.12.23:960][687]LogWorld: Bringing up level for play took: 0.000533
[2017.02.25-02.12.23:962][687]PIE: Info Play in editor start time for /Game/FirstPersonBP/Maps/UEDPIE_0_florence -0.14
[2017.02.25-02.13.36:802][377]LogActor:Warning: VREditorButton /Engine/Transient.World_9:PersistentLevel.VREditorButton_0 has natively added scene component(s), but none of them were set as the actor's RootComponent - picking one arbitrarily
[2017.02.25-02.13.53:415][798]LogContentBrowser: Native class hierarchy updated for 'BlueprintGraph' in 0.0008 seconds. Added 112 classes and 0 folders.
[2017.02.25-02.13.53:974][798]LogSlate: Took 0.000127 seconds to synchronously load lazily loaded font '../../../Engine/Content/Slate/Fonts/Roboto-Regular.ttf' (155K)
[2017.02.25-02.13.54:048][798]LogSlate: Took 0.000177 seconds to synchronously load lazily loaded font '../../../Engine/Content/Editor/Slate/Fonts/Roboto-BoldCondensed.ttf' (158K)
[2017.02.25-02.13.54:326][799]LogSlate: Took 0.000235 seconds to synchronously load lazily loaded font '../../../Engine/Content/Editor/Slate/Fonts/Roboto-Italic.ttf' (157K)
[2017.02.25-02.14.05:694][543]LogSavePackage: Save=18.06ms
[2017.02.25-02.14.05:694][543]LogSavePackage: Moving 'C:/Users/n2the/Documents/Unreal Projects/MyProject/Saved/florenceAFA2936F42C4CBB2AEE6B6AF6379B58A.tmp' to 'C:/Users/n2the/Documents/Unreal Projects/MyProject/Content/FirstPersonBP/Maps/florence.umap'
[2017.02.25-02.14.05:698][543]LogSavePackage:Display: Finished SavePackage C:/Users/n2the/Documents/Unreal Projects/MyProject/Content/FirstPersonBP/Maps/florence.umap
[2017.02.25-02.14.09:085][913]LogTemp: Repeting last play command: Selected Viewport
[2017.02.25-02.14.09:100][913]BlueprintLog: New page: Pre-Play auto-recompile
[2017.02.25-02.14.09:100][913]LogPlayLevel: [PlayLevel] Compiling FirstPersonCharacter before play...
[2017.02.25-02.14.09:281][913]LogPlayLevel: PlayLevel: Blueprint regeneration took 181 ms (1 blueprints)
[2017.02.25-02.14.09:281][913]PIE: New page: PIE session: florence (25 Feb 2017 02:14:09)
[2017.02.25-02.14.09:281][913]LogPlayLevel: Creating play world package: /Game/FirstPersonBP/Maps/UEDPIE_0_florence
[2017.02.25-02.14.09:283][913]LogPlayLevel: PIE: StaticDuplicateObject took: (0.001483s)
[2017.02.25-02.14.09:283][913]LogAIModule: Creating AISystem for world florence
[2017.02.25-02.14.09:283][913]LogPlayLevel: PIE: World Init took: (0.000509s)
[2017.02.25-02.14.09:283][913]LogPlayLevel: PIE: Created PIE world by copying editor world from /Game/FirstPersonBP/Maps/florence.florence to /Game/FirstPersonBP/Maps/UEDPIE_0_florence.florence (0.002178s)
[2017.02.25-02.14.09:300][913]LogInit: XAudio2 using 'Speakers (Plantronics GameCom 780/788)' : 2 channels at 44.1 kHz using 16 bits per sample (channel mask 0x3)
[2017.02.25-02.14.09:306][913]LogInit: FAudioDevice initialized.
[2017.02.25-02.14.09:334][913]LogLoad: Game class is 'FirstPersonGameMode_C'
[2017.02.25-02.14.09:335][913]LogWorld: Bringing World /Game/FirstPersonBP/Maps/UEDPIE_0_florence.florence up for play (max tick rate 0) at 2017.02.25-02.14.09
[2017.02.25-02.14.09:336][913]LogWorld: Bringing up level for play took: 0.000555
[2017.02.25-02.14.09:338][913]PIE: Info Play in editor start time for /Game/FirstPersonBP/Maps/UEDPIE_0_florence 1.236
[2017.02.25-02.14.30:534][954]LogEditorViewport: Clicking on Actor (context menu): BP_Sky_Sphere_C (BP_Sky_Sphere)
[2017.02.25-02.14.32:059][105]LogTemp: Repeting last play command: Selected Viewport
[2017.02.25-02.14.32:067][105]LogPlayLevel: PlayLevel: No blueprints needed recompiling
[2017.02.25-02.14.32:067][105]PIE: New page: PIE session: florence (25 Feb 2017 02:14:32)
[2017.02.25-02.14.32:067][105]LogPlayLevel: Creating play world package: /Game/FirstPersonBP/Maps/UEDPIE_0_florence
[2017.02.25-02.14.32:069][105]LogPlayLevel: PIE: StaticDuplicateObject took: (0.001464s)
[2017.02.25-02.14.32:069][105]LogAIModule: Creating AISystem for world florence
[2017.02.25-02.14.32:069][105]LogPlayLevel: PIE: World Init took: (0.000613s)
[2017.02.25-02.14.32:069][105]LogPlayLevel: PIE: Created PIE world by copying editor world from /Game/FirstPersonBP/Maps/florence.florence to /Game/FirstPersonBP/Maps/UEDPIE_0_florence.florence (0.002267s)
[2017.02.25-02.14.32:087][105]LogInit: XAudio2 using 'Speakers (Plantronics GameCom 780/788)' : 2 channels at 44.1 kHz using 16 bits per sample (channel mask 0x3)
[2017.02.25-02.14.32:093][105]LogInit: FAudioDevice initialized.
[2017.02.25-02.14.32:123][105]LogLoad: Game class is 'FirstPersonGameMode_C'
[2017.02.25-02.14.32:124][105]LogWorld: Bringing World /Game/FirstPersonBP/Maps/UEDPIE_0_florence.florence up for play (max tick rate 0) at 2017.02.25-02.14.32
[2017.02.25-02.14.32:124][105]LogWorld: Bringing up level for play took: 0.000460
[2017.02.25-02.14.32:126][105]PIE: Info Play in editor start time for /Game/FirstPersonBP/Maps/UEDPIE_0_florence 0.024
[2017.02.25-02.15.56:072][226]LogEditorViewport: Clicking on Actor (LMB): BP_Sky_Sphere_C (BP_Sky_Sphere)
[2017.02.25-02.15.58:642][504]LogEditorViewport: Clicking Background
[2017.02.25-02.16.02:171][915]LogEditorViewport: Clicking on Actor (LMB): Brush (Box Brush)
[2017.02.25-02.16.03:086][ 19]Cmd: SELECT NONE
[2017.02.25-02.16.10:781][870]Cmd: BRUSH ADD SELECTNEWBRUSH
[2017.02.25-02.16.29:549][937]LogEditorViewport: Clicking Background
[2017.02.25-02.16.31:047][112]LogEditorViewport: Clicking on Actor (LMB): Brush (Box Brush2)
[2017.02.25-02.16.38:002][897]LogEditorViewport: Clicking Background
[2017.02.25-02.16.41:756][341]LogEditorViewport: Clicking on Actor (LMB): Brush (Box Brush)
[2017.02.25-02.16.48:163][ 51]Cmd: SELECT NONE
[2017.02.25-02.16.49:422][199]LogEditorViewport: Clicking on Actor (LMB): Brush (Box Brush2)
[2017.02.25-02.17.15:414][ 51]LogEditorViewport: Clicking Background
[2017.02.25-02.17.16:113][130]LogEditorViewport: Clicking on Actor (LMB): Brush (Box Brush2)
[2017.02.25-02.17.19:315][495]LogEditorViewport: Clicking on Actor (context menu): Brush (Box Brush2)
[2017.02.25-02.17.32:896][802]LogEditorViewport: Clicking Background
[2017.02.25-02.17.35:140][ 66]LogEditorViewport: Clicking on Actor (LMB): Brush (Box Brush2)
[2017.02.25-02.17.51:707][919]LogEditorViewport: Clicking on Actor (context menu): Brush (Box Brush2)
[2017.02.25-02.17.52:667][ 17]LogEditorViewport: Clicking Background
[2017.02.25-02.17.55:696][325]LogEditorViewport: Clicking on Actor (LMB): Brush (Box Brush2)
[2017.02.25-02.18.12:650][250]Cmd: TRANSACTION UNDO
[2017.02.25-02.18.12:650][250]LogEditorTransaction: Undo Move Actors
[2017.02.25-02.18.12:654][250]LogGeometryMode:Warning: Unable to find 1 Edge(s) in new BSP
[2017.02.25-02.18.12:654][250]LogGeometryMode:Warning: Unable to resolve BoxBrush2 Brush in new BSP, see above
[2017.02.25-02.18.12:654][250]LogGeometryMode:Warning: Unable to find all previously selected geometry data, resetting selection
[2017.02.25-02.18.31:827][338]Cmd: DELETE
[2017.02.25-02.18.31:838][338]Cmd: ACTOR DELETE
[2017.02.25-02.18.31:838][338]LogEditorActor: Deleted Actor: Brush
[2017.02.25-02.18.31:852][338]LogEditorActor: Deleted 1 Actors (0.014 secs)
[2017.02.25-02.18.56:985][168]LogEditorViewport: Clicking on Actor (LMB): Brush (Box Brush)
[2017.02.25-02.19.29:810][795]LogEditorViewport: Clicking on Actor (LMB): Brush (Box Brush2)
[2017.02.25-02.19.39:214][832]LogEditorViewport: Clicking Background
[2017.02.25-02.19.46:343][647]LogEditorViewport: Clicking on Actor (LMB): Brush (Box Brush)
[2017.02.25-02.20.02:896][468]LogEditorViewport: Clicking Background
[2017.02.25-02.20.06:875][917]LogTexture:Display: Building textures: Texture2D_2 (G8)
[2017.02.25-02.20.08:456][ 74]LogActorComponent: UnregisterComponent: (/Engine/Transient.SphereBrushComponent) Not registered. Aborting.
[2017.02.25-02.24.29:241][125]LogSavePackage: Save=42.70ms
[2017.02.25-02.24.29:241][125]LogSavePackage: Moving 'C:/Users/n2the/Documents/Unreal Projects/MyProject/Saved/florence_Auto10E851922460AE7E24E0ED99A71E28FFB.tmp' to 'C:/Users/n2the/Documents/Unreal Projects/MyProject/Saved/Autosaves/Game/FirstPersonBP/Maps/florence_Auto1.umap'
[2017.02.25-02.24.29:242][125]LogSavePackage:Display: Finished SavePackage C:/Users/n2the/Documents/Unreal Projects/MyProject/Saved/Autosaves/Game/FirstPersonBP/Maps/florence_Auto1.umap
[2017.02.25-02.24.29:245][125]LogFileHelpers: Editor autosave (incl. sublevels) for '/Game/FirstPersonBP/Maps/florence' took 0.072
[2017.02.25-02.24.29:245][125]LogFileHelpers: Editor autosave (incl. sublevels) for all levels took 0.072
[2017.02.25-02.24.29:247][125]OBJ SavePackage: Generating thumbnails for [1] asset(s) in package [/Game/FirstPersonBP/Blueprints/FirstPersonCharacter] ([1] browsable assets)...
[2017.02.25-02.24.29:266][125]OBJ SavePackage:     Rendered thumbnail for [Blueprint /Game/FirstPersonBP/Blueprints/FirstPersonCharacter.FirstPersonCharacter]
[2017.02.25-02.24.29:266][125]OBJ SavePackage: Finished generating thumbnails for package [/Game/FirstPersonBP/Blueprints/FirstPersonCharacter]
[2017.02.25-02.24.29:343][125]LogSavePackage: Save=70.91ms
[2017.02.25-02.24.29:343][125]LogSavePackage: Moving 'C:/Users/n2the/Documents/Unreal Projects/MyProject/Saved/FirstPersonCharacter_Auto1A9DBE16D4CFD593EE0C07A97E1555443.tmp' to 'C:/Users/n2the/Documents/Unreal Projects/MyProject/Saved/Autosaves/Game/FirstPersonBP/Blueprints/FirstPersonCharacter_Auto1.uasset'
[2017.02.25-02.24.29:344][125]LogSavePackage:Display: Finished SavePackage C:/Users/n2the/Documents/Unreal Projects/MyProject/Saved/Autosaves/Game/FirstPersonBP/Blueprints/FirstPersonCharacter_Auto1.uasset
[2017.02.25-02.24.29:344][125]LogFileHelpers: Auto-saving content packages took 0.098
[2017.02.25-02.30.10:254][212]LogSavePackage: Save=34.98ms
[2017.02.25-02.30.10:254][212]LogSavePackage: Moving 'C:/Users/n2the/Documents/Unreal Projects/MyProject/Saved/florenceA8C1D16A473AE5CA32256FB7B0A69170.tmp' to 'C:/Users/n2the/Documents/Unreal Projects/MyProject/Content/FirstPersonBP/Maps/florence.umap'
[2017.02.25-02.30.10:259][212]LogSavePackage:Display: Finished SavePackage C:/Users/n2the/Documents/Unreal Projects/MyProject/Content/FirstPersonBP/Maps/florence.umap
[2017.02.25-02.30.14:809][316]LogSavePackage: Save=56.69ms
[2017.02.25-02.30.14:809][316]LogSavePackage: Moving 'C:/Users/n2the/Documents/Unreal Projects/MyProject/Saved/FirstPersonCharacter67EADCA3405E74DAC861BBA6BF08D5DD.tmp' to 'C:/Users/n2the/Documents/Unreal Projects/MyProject/Content/FirstPersonBP/Blueprints/FirstPersonCharacter.uasset'
[2017.02.25-02.30.14:813][316]LogSavePackage:Display: Finished SavePackage C:/Users/n2the/Documents/Unreal Projects/MyProject/Content/FirstPersonBP/Blueprints/FirstPersonCharacter.uasset
[2017.02.25-02.30.15:074][317]Cmd: QUIT_EDITOR
[2017.02.25-02.30.15:223][317]LogWindowsTextInputMethodSystem:Display: IME system now deactivated.
[2017.02.25-02.30.15:245][317]LogExit: Preparing to exit.
[2017.02.25-02.30.15:945][317]LogExit: Editor shut down
[2017.02.25-02.30.15:946][317]LogExit: Transaction tracking system shut down
[2017.02.25-02.30.16:046][317]LogObj: Freed 0b from 0 cluster array pools.
[2017.02.25-02.30.16:046][317]LogExit: Object subsystem successfully closed.
[2017.02.25-02.30.16:059][317]LogD3D11RHI: Shutdown
[2017.02.25-02.30.16:059][317]LogD3D11RHI: CleanupD3DDevice
[2017.02.25-02.30.16:215][317]LogD3D11RHI: ~FD3D11DynamicRHI
[2017.02.25-02.30.16:231][317]LogModuleManager: Shutting down and abandoning module BlueprintGraph (502)
[2017.02.25-02.30.16:231][317]LogModuleManager: Shutting down and abandoning module BlueprintProfiler (500)
[2017.02.25-02.30.16:246][317]LogModuleManager: Shutting down and abandoning module MovieSceneCapture (498)
[2017.02.25-02.30.16:246][317]LogModuleManager: Shutting down and abandoning module HierarchicalLODOutliner (496)
[2017.02.25-02.30.16:246][317]LogModuleManager: Shutting down and abandoning module CrashTracker (494)
[2017.02.25-02.30.16:246][317]LogModuleManager: Shutting down and abandoning module SceneOutliner (492)
[2017.02.25-02.30.16:246][317]LogModuleManager: Shutting down and abandoning module AddContentDialog (490)
[2017.02.25-02.30.16:246][317]LogDirectoryWatcher: A directory notification for 'E:/UE4/UE_4.15/FeaturePacks/' was aborted.
[2017.02.25-02.30.16:247][317]LogModuleManager: Shutting down and abandoning module WidgetCarousel (489)
[2017.02.25-02.30.16:247][317]LogModuleManager: Shutting down and abandoning module EditorWidgets (486)
[2017.02.25-02.30.16:247][317]LogModuleManager: Shutting down and abandoning module CollectionManager (484)
[2017.02.25-02.30.16:247][317]LogDirectoryWatcher: A directory notification for 'C:/Users/n2the/Documents/Unreal Projects/MyProject/Content/Collections/' was aborted.
[2017.02.25-02.30.16:247][317]LogDirectoryWatcher: A directory notification for 'C:/Users/n2the/Documents/Unreal Projects/MyProject/Content/Developers/n2the/Collections/' was aborted.
[2017.02.25-02.30.16:247][317]LogDirectoryWatcher: A directory notification for 'C:/Users/n2the/Documents/Unreal Projects/MyProject/Saved/Collections/' was aborted.
[2017.02.25-02.30.16:247][317]LogModuleManager: Shutting down and abandoning module StatsViewer (482)
[2017.02.25-02.30.16:247][317]LogModuleManager: Shutting down and abandoning module FoliageEdit (480)
[2017.02.25-02.30.16:247][317]LogModuleManager: Shutting down and abandoning module LandscapeEditor (478)
[2017.02.25-02.30.16:247][317]LogModuleManager: Shutting down and abandoning module SceneDepthPickerMode (476)
[2017.02.25-02.30.16:247][317]LogModuleManager: Shutting down and abandoning module ActorPickerMode (474)
[2017.02.25-02.30.16:247][317]LogModuleManager: Shutting down and abandoning module GeometryMode (472)
[2017.02.25-02.30.16:247][317]LogModuleManager: Shutting down and abandoning module TextureAlignMode (470)
[2017.02.25-02.30.16:247][317]LogModuleManager: Shutting down and abandoning module BspMode (468)
[2017.02.25-02.30.16:247][317]LogModuleManager: Shutting down and abandoning module HardwareSurvey (466)
[2017.02.25-02.30.16:247][317]LogModuleManager: Shutting down and abandoning module SequenceRecorderSections (464)
[2017.02.25-02.30.16:247][317]LogModuleManager: Shutting down and abandoning module AutomationWorker (462)
[2017.02.25-02.30.16:247][317]LogModuleManager: Shutting down and abandoning module MatineeToLevelSequence (460)
[2017.02.25-02.30.16:247][317]LogModuleManager: Shutting down and abandoning module LevelSequenceEditor (458)
[2017.02.25-02.30.16:247][317]LogModuleManager: Shutting down and abandoning module PlacementMode (457)
[2017.02.25-02.30.16:248][317]LogModuleManager: Shutting down and abandoning module WmfMediaFactory (454)
[2017.02.25-02.30.16:248][317]LogModuleManager: Shutting down and abandoning module WmfMediaEditor (452)
[2017.02.25-02.30.16:248][317]LogModuleManager: Shutting down and abandoning module MfMediaFactory (450)
[2017.02.25-02.30.16:248][317]LogModuleManager: Shutting down and abandoning module MfMediaEditor (448)
[2017.02.25-02.30.16:248][317]LogModuleManager: Shutting down and abandoning module AvfMediaFactory (446)
[2017.02.25-02.30.16:248][317]LogModuleManager: Shutting down and abandoning module AvfMediaEditor (444)
[2017.02.25-02.30.16:248][317]LogModuleManager: Shutting down and abandoning module AndroidMediaFactory (442)
[2017.02.25-02.30.16:248][317]LogModuleManager: Shutting down and abandoning module Media (441)
[2017.02.25-02.30.16:248][317]LogModuleManager: Shutting down and abandoning module AndroidMediaEditor (438)
[2017.02.25-02.30.16:248][317]LogModuleManager: Shutting down and abandoning module CharacterAI (436)
[2017.02.25-02.30.16:248][317]LogModuleManager: Shutting down and abandoning module AudioCapture (434)
[2017.02.25-02.30.16:248][317]LogModuleManager: Shutting down and abandoning module SequenceRecorder (433)
[2017.02.25-02.30.16:248][317]LogModuleManager: Shutting down and abandoning module SmartSnapping (430)
[2017.02.25-02.30.16:248][317]LogModuleManager: Shutting down and abandoning module SessionServices (428)
[2017.02.25-02.30.16:248][317]LogModuleManager: Shutting down and abandoning module ViewportSnapping (426)
[2017.02.25-02.30.16:248][317]LogModuleManager: Shutting down and abandoning module ViewportInteraction (424)
[2017.02.25-02.30.16:248][317]LogModuleManager: Shutting down and abandoning module LogVisualizer (422)
[2017.02.25-02.30.16:248][317]LogModuleManager: Shutting down and abandoning module IntroTutorials (420)
[2017.02.25-02.30.16:248][317]LogModuleManager: Shutting down and abandoning module GameProjectGeneration (419)
[2017.02.25-02.30.16:248][317]LogModuleManager: Shutting down and abandoning module EditorLiveStreaming (416)
[2017.02.25-02.30.16:248][317]LogModuleManager: Shutting down and abandoning module IOSPlatformEditor (414)
[2017.02.25-02.30.16:248][317]LogModuleManager: Shutting down and abandoning module HTML5PlatformEditor (412)
[2017.02.25-02.30.16:248][317]LogModuleManager: Shutting down and abandoning module AndroidPlatformEditor (410)
[2017.02.25-02.30.16:248][317]LogModuleManager: Shutting down and abandoning module AndroidDeviceDetection (409)
[2017.02.25-02.30.16:541][317]LogModuleManager: Shutting down and abandoning module IOSRuntimeSettings (406)
[2017.02.25-02.30.16:541][317]LogModuleManager: Shutting down and abandoning module AndroidRuntimeSettings (404)
[2017.02.25-02.30.16:541][317]LogModuleManager: Shutting down and abandoning module InputBindingEditor (402)
[2017.02.25-02.30.16:541][317]LogModuleManager: Shutting down and abandoning module NiagaraEditor (400)
[2017.02.25-02.30.16:541][317]LogModuleManager: Shutting down and abandoning module MergeActors (398)
[2017.02.25-02.30.16:541][317]LogModuleManager: Shutting down and abandoning module SizeMap (396)
[2017.02.25-02.30.16:541][317]LogModuleManager: Shutting down and abandoning module TreeMap (394)
[2017.02.25-02.30.16:541][317]LogModuleManager: Shutting down and abandoning module ReferenceViewer (392)
[2017.02.25-02.30.16:541][317]LogModuleManager: Shutting down and abandoning module LocalizationDashboard (390)
[2017.02.25-02.30.16:541][317]LogModuleManager: Shutting down and abandoning module LocalizationService (389)
[2017.02.25-02.30.16:541][317]LogModuleManager: Shutting down and abandoning module HardwareTargeting (386)
[2017.02.25-02.30.16:541][317]LogModuleManager: Shutting down and abandoning module DeviceProfileEditor (384)
[2017.02.25-02.30.16:541][317]LogModuleManager: Shutting down and abandoning module UndoHistory (382)
[2017.02.25-02.30.16:541][317]LogModuleManager: Shutting down and abandoning module UserFeedback (380)
[2017.02.25-02.30.16:541][317]LogModuleManager: Shutting down and abandoning module XmlParser (378)
[2017.02.25-02.30.16:541][317]LogModuleManager: Shutting down and abandoning module Blutility (376)
[2017.02.25-02.30.16:541][317]LogModuleManager: Shutting down and abandoning module ProjectSettingsViewer (374)
[2017.02.25-02.30.16:541][317]LogModuleManager: Shutting down and abandoning module ProjectTargetPlatformEditor (373)
[2017.02.25-02.30.16:541][317]LogModuleManager: Shutting down and abandoning module EditorSettingsViewer (370)
[2017.02.25-02.30.16:541][317]LogModuleManager: Shutting down and abandoning module SettingsEditor (368)
[2017.02.25-02.30.16:541][317]LogModuleManager: Shutting down and abandoning module ProjectLauncher (366)
[2017.02.25-02.30.16:541][317]LogModuleManager: Shutting down and abandoning module SessionFrontend (364)
[2017.02.25-02.30.16:541][317]LogModuleManager: Shutting down and abandoning module ProfilerClient (362)
[2017.02.25-02.30.16:541][317]LogModuleManager: Shutting down and abandoning module DeviceManager (360)
[2017.02.25-02.30.16:542][317]LogModuleManager: Shutting down and abandoning module TargetDeviceServices (359)
[2017.02.25-02.30.16:594][317]LogModuleManager: Shutting down and abandoning module AutomationController (356)
[2017.02.25-02.30.16:594][317]LogModuleManager: Shutting down and abandoning module AutomationWindow (354)
[2017.02.25-02.30.16:594][317]LogModuleManager: Shutting down and abandoning module Layers (352)
[2017.02.25-02.30.16:594][317]LogModuleManager: Shutting down and abandoning module ComponentVisualizers (350)
[2017.02.25-02.30.16:594][317]LogModuleManager: Shutting down and abandoning module DetailCustomizations (348)
[2017.02.25-02.30.16:594][317]LogModuleManager: Shutting down and abandoning module PackagesDialog (346)
[2017.02.25-02.30.16:594][317]LogModuleManager: Shutting down and abandoning module Persona (344)
[2017.02.25-02.30.16:594][317]LogModuleManager: Shutting down and abandoning module AnimGraph (343)
[2017.02.25-02.30.16:594][317]LogModuleManager: Shutting down and abandoning module Kismet (340)
[2017.02.25-02.30.16:600][317]LogModuleManager: Shutting down and abandoning module GraphEditor (338)
[2017.02.25-02.30.16:600][317]LogModuleManager: Shutting down and abandoning module ClassViewer (336)
[2017.02.25-02.30.16:600][317]LogModuleManager: Shutting down and abandoning module Toolbox (334)
[2017.02.25-02.30.16:600][317]LogModuleManager: Shutting down and abandoning module ModuleUI (332)
[2017.02.25-02.30.16:600][317]LogModuleManager: Shutting down and abandoning module MovieSceneTools (330)
[2017.02.25-02.30.16:600][317]LogModuleManager: Shutting down and abandoning module OutputLog (328)
[2017.02.25-02.30.16:600][317]LogModuleManager: Shutting down and abandoning module GammaUI (326)
[2017.02.25-02.30.16:600][317]LogModuleManager: Shutting down and abandoning module Documentation (324)
[2017.02.25-02.30.16:601][317]LogModuleManager: Shutting down and abandoning module Niagara (322)
[2017.02.25-02.30.16:601][317]LogModuleManager: Shutting down and abandoning module StreamingPauseRendering (320)
[2017.02.25-02.30.16:601][317]LogModuleManager: Shutting down and abandoning module AnalyticsET (318)
[2017.02.25-02.30.16:601][317]LogModuleManager: Shutting down and abandoning module PortalServices (316)
[2017.02.25-02.30.16:601][317]LogModuleManager: Shutting down and abandoning module PortalRpc (314)
[2017.02.25-02.30.16:601][317]LogModuleManager: Shutting down and abandoning module MessagingRpc (312)
[2017.02.25-02.30.16:601][317]LogModuleManager: Shutting down and abandoning module AIModule (310)
[2017.02.25-02.30.16:601][317]LogModuleManager: Shutting down and abandoning module GameplayDebugger (309)
[2017.02.25-02.30.16:601][317]LogModuleManager: Shutting down and abandoning module AITestSuite (307)
[2017.02.25-02.30.16:601][317]LogModuleManager: Shutting down and abandoning module ProfilerService (304)
[2017.02.25-02.30.16:637][317]LogModuleManager: Shutting down and abandoning module TaskGraph (302)
[2017.02.25-02.30.16:637][317]LogModuleManager: Shutting down and abandoning module SteamVRController (300)
[2017.02.25-02.30.16:637][317]LogModuleManager: Shutting down and abandoning module SteamVR (298)
[2017.02.25-02.30.16:637][317]LogModuleManager: Shutting down and abandoning module ProceduralMeshComponentEditor (296)
[2017.02.25-02.30.16:637][317]LogModuleManager: Shutting down and abandoning module ProceduralMeshComponent (294)
[2017.02.25-02.30.16:637][317]LogModuleManager: Shutting down and abandoning module OculusLibrary (292)
[2017.02.25-02.30.16:637][317]LogModuleManager: Shutting down and abandoning module OculusInput (290)
[2017.02.25-02.30.16:637][317]LogModuleManager: Shutting down and abandoning module MobilePatchingUtils (288)
[2017.02.25-02.30.16:637][317]LogModuleManager: Shutting down and abandoning module CustomMeshComponent (286)
[2017.02.25-02.30.16:637][317]LogModuleManager: Shutting down and abandoning module CableComponent (284)
[2017.02.25-02.30.16:637][317]LogModuleManager: Shutting down and abandoning module ArchVisCharacter (282)
[2017.02.25-02.30.16:637][317]LogModuleManager: Shutting down and abandoning module MediaPlayerEditor (278)
[2017.02.25-02.30.16:637][317]LogModuleManager: Shutting down and abandoning module HTML5Networking (276)
[2017.02.25-02.30.16:637][317]LogModuleManager: Shutting down and abandoning module AlembicImporter (274)
[2017.02.25-02.30.16:637][317]LogModuleManager: Shutting down and abandoning module AlembicLibrary (273)
[2017.02.25-02.30.16:637][317]LogModuleManager: Shutting down and abandoning module GeometryCache (272)
[2017.02.25-02.30.16:637][317]LogModuleManager: Shutting down and abandoning module GeometryCacheEd (271)
[2017.02.25-02.30.16:637][317]LogModuleManager: Shutting down and abandoning module SuperSearchEditor (266)
[2017.02.25-02.30.16:637][317]LogModuleManager: Shutting down and abandoning module SuperSearch (265)
[2017.02.25-02.30.16:637][317]LogModuleManager: Shutting down and abandoning module SpeedTreeImporter (262)
[2017.02.25-02.30.16:637][317]LogModuleManager: Shutting down and abandoning module PluginBrowser (260)
[2017.02.25-02.30.16:637][317]LogModuleManager: Shutting down and abandoning module MobileLauncherProfileWizard (258)
[2017.02.25-02.30.16:637][317]LogModuleManager: Shutting down and abandoning module EpicSurvey (256)
[2017.02.25-02.30.16:637][317]LogModuleManager: Shutting down and abandoning module VisualStudioSourceCodeAccess (254)
[2017.02.25-02.30.16:637][317]LogModuleManager: Shutting down and abandoning module DesktopPlatform (253)
[2017.02.25-02.30.16:637][317]LogModuleManager: Shutting down and abandoning module UObjectPlugin (250)
[2017.02.25-02.30.16:637][317]LogModuleManager: Shutting down and abandoning module SubversionSourceControl (248)
[2017.02.25-02.30.16:637][317]LogModuleManager: Shutting down and abandoning module PerforceSourceControl (246)
[2017.02.25-02.30.16:637][317]LogModuleManager: Shutting down and abandoning module GitSourceControl (244)
[2017.02.25-02.30.16:637][317]LogModuleManager: Shutting down and abandoning module SourceControl (243)
[2017.02.25-02.30.16:637][317]LogModuleManager: Shutting down and abandoning module LightPropagationVolumeEditor (240)
[2017.02.25-02.30.16:637][317]LogModuleManager: Shutting down and abandoning module PaperTiledImporter (238)
[2017.02.25-02.30.16:637][317]LogModuleManager: Shutting down and abandoning module PaperSpriteSheetImporter (236)
[2017.02.25-02.30.16:637][317]LogModuleManager: Shutting down and abandoning module Paper2DEditor (234)
[2017.02.25-02.30.16:637][317]LogModuleManager: Shutting down and abandoning module MeshPaint (233)
[2017.02.25-02.30.16:637][317]LogModuleManager: Shutting down and abandoning module LevelEditor (231)
[2017.02.25-02.30.16:638][317]LogModuleManager: Shutting down and abandoning module PixelInspectorModule (230)
[2017.02.25-02.30.16:638][317]LogModuleManager: Shutting down and abandoning module MainFrame (228)
[2017.02.25-02.30.16:638][317]LogModuleManager: Shutting down and abandoning module HotReload (227)
[2017.02.25-02.30.16:638][317]LogModuleManager: Shutting down and abandoning module ContentBrowser (223)
[2017.02.25-02.30.16:639][317]LogModuleManager: Shutting down and abandoning module PhysXVehiclesEditor (220)
[2017.02.25-02.30.16:639][317]LogModuleManager: Shutting down and abandoning module PhysXVehicles (218)
[2017.02.25-02.30.16:639][317]LogModuleManager: Shutting down and abandoning module LocationServicesBPLibrary (216)
[2017.02.25-02.30.16:639][317]LogModuleManager: Shutting down and abandoning module UdpMessaging (214)
[2017.02.25-02.30.16:740][317]LogModuleManager: Shutting down and abandoning module TcpMessaging (212)
[2017.02.25-02.30.16:840][317]LogModuleManager: Shutting down and abandoning module GameplayTagsEditor (210)
[2017.02.25-02.30.16:840][317]LogModuleManager: Shutting down and abandoning module FacialAnimationEditor (208)
[2017.02.25-02.30.16:840][317]LogModuleManager: Shutting down and abandoning module FacialAnimation (206)
[2017.02.25-02.30.16:840][317]LogModuleManager: Shutting down and abandoning module LightPropagationVolumeRuntime (204)
[2017.02.25-02.30.16:840][317]LogModuleManager: Shutting down and abandoning module Paper2D (202)
[2017.02.25-02.30.16:840][317]LogModuleManager: Shutting down and abandoning module WindowsMoviePlayer (200)
[2017.02.25-02.30.16:840][317]LogModuleManager: Shutting down and abandoning module WmfMedia (198)
[2017.02.25-02.30.16:840][317]LogModuleManager: Shutting down and abandoning module MfMedia (196)
[2017.02.25-02.30.16:840][317]LogModuleManager: Shutting down and abandoning module MediaAssets (194)
[2017.02.25-02.30.16:840][317]LogModuleManager: Shutting down and abandoning module GameLiveStreaming (192)
[2017.02.25-02.30.16:840][317]LogModuleManager: Shutting down and abandoning module VREditor (190)
[2017.02.25-02.30.16:840][317]LogModuleManager: Shutting down and abandoning module GameplayTasksEditor (188)
[2017.02.25-02.30.16:840][317]LogModuleManager: Shutting down and abandoning module BehaviorTreeEditor (186)
[2017.02.25-02.30.16:840][317]LogModuleManager: Shutting down and abandoning module FunctionalTesting (184)
[2017.02.25-02.30.16:840][317]LogModuleManager: Shutting down and abandoning module CollisionAnalyzer (182)
[2017.02.25-02.30.16:840][317]LogModuleManager: Shutting down and abandoning module UMG (180)
[2017.02.25-02.30.16:840][317]LogModuleManager: Shutting down and abandoning module UMGEditor (179)
[2017.02.25-02.30.16:841][317]LogModuleManager: Shutting down and abandoning module Sequencer (178)
[2017.02.25-02.30.16:841][317]LogModuleManager: Shutting down and abandoning module AssetTools (176)
[2017.02.25-02.30.16:841][317]LogModuleManager: Shutting down and abandoning module MessageLog (175)
[2017.02.25-02.30.16:841][317]LogModuleManager: Shutting down and abandoning module WorkspaceMenuStructure (174)
[2017.02.25-02.30.16:841][317]LogModuleManager: Shutting down and abandoning module SlateReflector (168)
[2017.02.25-02.30.16:841][317]LogModuleManager: Shutting down and abandoning module Slate (166)
[2017.02.25-02.30.16:841][317]LogModuleManager: Shutting down and abandoning module EditorStyle (164)
[2017.02.25-02.30.16:842][317]LogModuleManager: Shutting down and abandoning module SourceCodeAccess (162)
[2017.02.25-02.30.16:842][317]LogModuleManager: Shutting down and abandoning module HeadMountedDisplay (160)
[2017.02.25-02.30.16:842][317]LogModuleManager: Shutting down and abandoning module XAudio2 (158)
[2017.02.25-02.30.16:842][317]LogModuleManager: Shutting down and abandoning module Networking (156)
[2017.02.25-02.30.16:842][317]LogModuleManager: Shutting down and abandoning module Core (152)
[2017.02.25-02.30.16:842][317]LogModuleManager: Shutting down and abandoning module AssetRegistry (150)
[2017.02.25-02.30.16:955][317]LogDirectoryWatcher: A directory notification for '../../../Engine/Content/' was aborted.
[2017.02.25-02.30.16:955][317]LogDirectoryWatcher: A directory notification for 'C:/Users/n2the/Documents/Unreal Projects/MyProject/Content/' was aborted.
[2017.02.25-02.30.16:955][317]LogDirectoryWatcher: A directory notification for '../../../Engine/Plugins/2D/Paper2D/Content/' was aborted.
[2017.02.25-02.30.16:955][317]LogModuleManager: Shutting down and abandoning module DirectoryWatcher (149)
[2017.02.25-02.30.16:955][317]LogModuleManager: Shutting down and abandoning module KismetCompiler (146)
[2017.02.25-02.30.16:955][317]LogModuleManager: Shutting down and abandoning module PhysXFormats (144)
[2017.02.25-02.30.16:955][317]LogModuleManager: Shutting down and abandoning module MeshUtilities (142)
[2017.02.25-02.30.16:955][317]LogModuleManager: Shutting down and abandoning module SimplygonSwarm (141)
[2017.02.25-02.30.16:955][317]LogModuleManager: Shutting down and abandoning module SimplygonMeshReduction (139)
[2017.02.25-02.30.16:955][317]LogModuleManager: Shutting down and abandoning module QuadricMeshReduction (137)
[2017.02.25-02.30.16:955][317]LogModuleManager: Shutting down and abandoning module PropertyEditor (135)
[2017.02.25-02.30.16:955][317]LogModuleManager: Shutting down and abandoning module DerivedDataCache (132)
[2017.02.25-02.30.16:995][317]LogDerivedDataCache: Shutdown
[2017.02.25-02.30.16:995][317]LogModuleManager: Shutting down and abandoning module TargetPlatform (130)
[2017.02.25-02.30.16:995][317]LogModuleManager: Shutting down and abandoning module VulkanShaderFormat (129)
[2017.02.25-02.30.16:995][317]LogModuleManager: Shutting down and abandoning module ShaderFormatOpenGL (127)
[2017.02.25-02.30.16:995][317]LogModuleManager: Shutting down and abandoning module ShaderFormatD3D (125)
[2017.02.25-02.30.16:995][317]LogModuleManager: Shutting down and abandoning module MetalShaderFormat (123)
[2017.02.25-02.30.16:995][317]LogModuleManager: Shutting down and abandoning module TextureFormatUncompressed (121)
[2017.02.25-02.30.16:995][317]LogModuleManager: Shutting down and abandoning module TextureFormatPVR (119)
[2017.02.25-02.30.16:995][317]LogModuleManager: Shutting down and abandoning module TextureFormatDXT (117)
[2017.02.25-02.30.16:995][317]LogModuleManager: Shutting down and abandoning module TextureFormatIntelISPCTexComp (115)
[2017.02.25-02.30.16:995][317]LogModuleManager: Shutting down and abandoning module TextureFormatASTC (113)
[2017.02.25-02.30.16:995][317]LogModuleManager: Shutting down and abandoning module ImageWrapper (112)
[2017.02.25-02.30.16:995][317]LogModuleManager: Shutting down and abandoning module TextureFormatAndroid (109)
[2017.02.25-02.30.16:995][317]LogModuleManager: Shutting down and abandoning module AudioFormatOpus (107)
[2017.02.25-02.30.16:995][317]LogModuleManager: Shutting down and abandoning module AudioFormatOgg (105)
[2017.02.25-02.30.16:995][317]LogModuleManager: Shutting down and abandoning module AudioFormatADPCM (103)
[2017.02.25-02.30.16:995][317]LogModuleManager: Shutting down and abandoning module LinuxTargetPlatform (101)
[2017.02.25-02.30.16:995][317]LogModuleManager: Shutting down and abandoning module LinuxServerTargetPlatform (99)
[2017.02.25-02.30.16:995][317]LogModuleManager: Shutting down and abandoning module LinuxNoEditorTargetPlatform (97)
[2017.02.25-02.30.16:995][317]LogModuleManager: Shutting down and abandoning module LinuxClientTargetPlatform (95)
[2017.02.25-02.30.16:995][317]LogModuleManager: Shutting down and abandoning module TVOSTargetPlatform (93)
[2017.02.25-02.30.16:995][317]LogModuleManager: Shutting down and abandoning module Messaging (91)
[2017.02.25-02.30.16:995][317]LogModuleManager: Shutting down and abandoning module IOSTargetPlatform (89)
[2017.02.25-02.30.16:995][317]LogModuleManager: Shutting down and abandoning module HTML5TargetPlatform (87)
[2017.02.25-02.30.16:995][317]LogModuleManager: Shutting down and abandoning module Android_PVRTCTargetPlatform (85)
[2017.02.25-02.30.16:995][317]LogModuleManager: Shutting down and abandoning module Android_MultiTargetPlatform (83)
[2017.02.25-02.30.16:995][317]LogModuleManager: Shutting down and abandoning module Android_ETC2TargetPlatform (81)
[2017.02.25-02.30.16:995][317]LogModuleManager: Shutting down and abandoning module Android_ETC1TargetPlatform (79)
[2017.02.25-02.30.16:995][317]LogModuleManager: Shutting down and abandoning module Android_DXTTargetPlatform (77)
[2017.02.25-02.30.16:995][317]LogModuleManager: Shutting down and abandoning module Android_ATCTargetPlatform (75)
[2017.02.25-02.30.16:995][317]LogModuleManager: Shutting down and abandoning module Android_ASTCTargetPlatform (73)
[2017.02.25-02.30.16:995][317]LogModuleManager: Shutting down and abandoning module AndroidTargetPlatform (71)
[2017.02.25-02.30.16:995][317]LogModuleManager: Shutting down and abandoning module WindowsTargetPlatform (69)
[2017.02.25-02.30.16:995][317]LogModuleManager: Shutting down and abandoning module WindowsServerTargetPlatform (67)
[2017.02.25-02.30.16:995][317]LogModuleManager: Shutting down and abandoning module WindowsNoEditorTargetPlatform (65)
[2017.02.25-02.30.16:995][317]LogModuleManager: Shutting down and abandoning module WindowsClientTargetPlatform (63)
[2017.02.25-02.30.16:995][317]LogModuleManager: Shutting down and abandoning module MacTargetPlatform (61)
[2017.02.25-02.30.16:995][317]LogModuleManager: Shutting down and abandoning module MacServerTargetPlatform (59)
[2017.02.25-02.30.16:995][317]LogModuleManager: Shutting down and abandoning module MacNoEditorTargetPlatform (57)
[2017.02.25-02.30.16:995][317]LogModuleManager: Shutting down and abandoning module MacClientTargetPlatform (55)
[2017.02.25-02.30.16:995][317]LogModuleManager: Shutting down and abandoning module AllDesktopTargetPlatform (53)
[2017.02.25-02.30.16:995][317]LogModuleManager: Shutting down and abandoning module InputCore (50)
[2017.02.25-02.30.16:995][317]LogModuleManager: Shutting down and abandoning module Settings (48)
[2017.02.25-02.30.16:995][317]LogModuleManager: Shutting down and abandoning module OculusRift (46)
[2017.02.25-02.30.16:995][317]LogModuleManager: Shutting down and abandoning module ExampleDeviceProfileSelector (44)
[2017.02.25-02.30.16:995][317]LogModuleManager: Shutting down and abandoning module OnlineBlueprintSupport (42)
[2017.02.25-02.30.16:995][317]LogModuleManager: Shutting down and abandoning module OnlineSubsystem (38)
[2017.02.25-02.30.16:995][317]LogOnline:Display: Unloading online subsystem: NULL
[2017.02.25-02.30.16:995][317]LogModuleManager: Shutting down and abandoning module XMPP (37)
[2017.02.25-02.30.16:995][317]LogModuleManager: Shutting down and abandoning module HTTP (35)
[2017.02.25-02.30.16:995][317]LogHttp:Display: Http module shutting down, but needs to wait on 1 outstanding Http requests:
[2017.02.25-02.30.16:995][317]LogHttp:Display: 	verb=[POST] url=[https://datarouter.ol.epicgames.com/datarouter/api/v1/public/data?SessionID=%7BD2A3438A-4C11-A018-D505-8987FEF60262%7D&AppID=UEEditor.Rocket.Release&AppVersion=4.15.0-3299760%2B%2B%2BUE4%2BRelease-4.15&UserID=6085a03d4bf0589f033b6bb910b2a7d5%7C9e02e279bac94568993c66a9b5349208%7C7252bdfc-cf5f-42cd-a306-bdfb89cbd3aa&AppEnvironment=datacollector-binary&UploadType=eteventstream] status=Processing
[2017.02.25-02.30.17:006][317]LogModuleManager: Shutting down and abandoning module SSL (34)
[2017.02.25-02.30.17:007][317]LogModuleManager: Shutting down and abandoning module AudioEditor (30)
[2017.02.25-02.30.17:007][317]LogModuleManager: Shutting down and abandoning module TextureCompressor (28)
[2017.02.25-02.30.17:007][317]LogModuleManager: Shutting down and abandoning module ShaderCore (26)
[2017.02.25-02.30.17:007][317]LogModuleManager: Shutting down and abandoning module Landscape (24)
[2017.02.25-02.30.17:007][317]LogModuleManager: Shutting down and abandoning module SlateRHIRenderer (22)
[2017.02.25-02.30.17:008][317]LogModuleManager: Shutting down and abandoning module OpenGLDrv (20)
[2017.02.25-02.30.17:008][317]LogModuleManager: Shutting down and abandoning module D3D11RHI (18)
[2017.02.25-02.30.17:008][317]LogModuleManager: Shutting down and abandoning module AnimGraphRuntime (16)
[2017.02.25-02.30.17:008][317]LogModuleManager: Shutting down and abandoning module Renderer (14)
[2017.02.25-02.30.17:008][317]LogModuleManager: Shutting down and abandoning module Engine (12)
[2017.02.25-02.30.17:008][317]LogModuleManager: Shutting down and abandoning module CoreUObject (10)
[2017.02.25-02.30.17:008][317]LogModuleManager: Shutting down and abandoning module NetworkFile (8)
[2017.02.25-02.30.17:008][317]LogModuleManager: Shutting down and abandoning module StreamingFile (6)
[2017.02.25-02.30.17:008][317]LogModuleManager: Shutting down and abandoning module SandboxFile (4)
[2017.02.25-02.30.17:009][317]LogModuleManager: Shutting down and abandoning module PakFile (2)
[2017.02.25-02.30.17:011][317]LogExit: Exiting.
[2017.02.25-02.30.17:021][317]Log file closed, 02/25/17 02:30:17
